Using pre-set license
Built from '2020.3/staging' branch; Version is '2020.3.20f1 (41c4e627c95f) revision 4310246'; Using compiler version '192528614'; Build Type 'Release'
OS: 'Windows 10 Pro; OS build 19042.1288; Version 2009; 64bit' Language: 'en' Physical Memory: 32607 MB
BatchMode: 1, IsHumanControllingUs: 0, StartBugReporterOnCrash: 0, Is64bit: 1, IsPro: 0

COMMAND LINE ARGUMENTS:
C:\Program Files\Unity\Hub\Editor\2020.3.20f1\Editor\Unity.exe
-adb2
-batchMode
-noUpm
-name
AssetImportWorker0
-projectPath
G:/Unity School Projects/DownHorrendous/DownHorrendousPrototype/DownHorrendous_Unity
-logFile
Logs/AssetImportWorker0.log
-srvPort
63704
Successfully changed project path to: G:/Unity School Projects/DownHorrendous/DownHorrendousPrototype/DownHorrendous_Unity
G:/Unity School Projects/DownHorrendous/DownHorrendousPrototype/DownHorrendous_Unity
Using Asset Import Pipeline V2.
Refreshing native plugins compatible for Editor in 67.35 ms, found 4 plugins.
Preloading 0 native plugins for Editor in 0.00 ms.
Initialize engine version: 2020.3.20f1 (41c4e627c95f)
[Subsystems] Discovering subsystems at path C:/Program Files/Unity/Hub/Editor/2020.3.20f1/Editor/Data/Resources/UnitySubsystems
[Subsystems] Discovering subsystems at path G:/Unity School Projects/DownHorrendous/DownHorrendousPrototype/DownHorrendous_Unity/Assets
GfxDevice: creating device client; threaded=0
Direct3D:
    Version:  Direct3D 11.0 [level 11.1]
    Renderer: NVIDIA GeForce RTX 2070 with Max-Q Design (ID=0x1f10)
    Vendor:   
    VRAM:     8031 MB
    Driver:   27.21.14.6627
Initialize mono
Mono path[0] = 'C:/Program Files/Unity/Hub/Editor/2020.3.20f1/Editor/Data/Managed'
Mono path[1] = 'C:/Program Files/Unity/Hub/Editor/2020.3.20f1/Editor/Data/MonoBleedingEdge/lib/mono/unityjit'
Mono config path = 'C:/Program Files/Unity/Hub/Editor/2020.3.20f1/Editor/Data/MonoBleedingEdge/etc'
Using monoOptions --debugger-agent=transport=dt_socket,embedding=1,server=y,suspend=n,address=127.0.0.1:56428
Begin MonoManager ReloadAssembly
Registering precompiled unity dll's ...
Register platform support module: C:/Program Files/Unity/Hub/Editor/2020.3.20f1/Editor/Data/PlaybackEngines/MacStandaloneSupport/UnityEditor.OSXStandalone.Extensions.dll
Register platform support module: C:/Program Files/Unity/Hub/Editor/2020.3.20f1/Editor/Data/PlaybackEngines/WindowsStandaloneSupport/UnityEditor.WindowsStandalone.Extensions.dll
Registered in 0.003179 seconds.
Native extension for WindowsStandalone target not found
Native extension for OSXStandalone target not found
Refreshing native plugins compatible for Editor in 53.65 ms, found 4 plugins.
Preloading 0 native plugins for Editor in 0.00 ms.
Mono: successfully reloaded assembly
- Completed reload, in  1.221 seconds
Domain Reload Profiling:
	ReloadAssembly (1221ms)
		BeginReloadAssembly (54ms)
			ExecutionOrderSort (0ms)
			DisableScriptedObjects (0ms)
			BackupInstance (0ms)
			ReleaseScriptingObjects (0ms)
			CreateAndSetChildDomain (1ms)
		EndReloadAssembly (462ms)
			LoadAssemblies (52ms)
			RebuildTransferFunctionScriptingTraits (0ms)
			SetupTypeCache (163ms)
			ReleaseScriptCaches (0ms)
			RebuildScriptCaches (35ms)
			SetupLoadedEditorAssemblies (190ms)
				LogAssemblyErrors (0ms)
				InitializePlatformSupportModulesInManaged (5ms)
				SetLoadedEditorAssemblies (0ms)
				RefreshPlugins (54ms)
				BeforeProcessingInitializeOnLoad (20ms)
				ProcessInitializeOnLoadAttributes (81ms)
				ProcessInitializeOnLoadMethodAttributes (30ms)
				AfterProcessingInitializeOnLoad (0ms)
				EditorAssembliesLoaded (0ms)
			ExecutionOrderSort2 (0ms)
			AwakeInstancesAfterBackupRestoration (0ms)
Platform modules already initialized, skipping
Registering precompiled user dll's ...
Registered in 0.007782 seconds.
Begin MonoManager ReloadAssembly
Native extension for WindowsStandalone target not found
Native extension for OSXStandalone target not found
Refreshing native plugins compatible for Editor in 0.63 ms, found 4 plugins.
Preloading 0 native plugins for Editor in 0.00 ms.
Refreshing native plugins compatible for Editor in 0.69 ms, found 4 plugins.
DisplayProgressbar: Populating Wwise Picker
Mono: successfully reloaded assembly
- Completed reload, in  1.430 seconds
Domain Reload Profiling:
	ReloadAssembly (1431ms)
		BeginReloadAssembly (157ms)
			ExecutionOrderSort (0ms)
			DisableScriptedObjects (5ms)
			BackupInstance (0ms)
			ReleaseScriptingObjects (0ms)
			CreateAndSetChildDomain (21ms)
		EndReloadAssembly (1209ms)
			LoadAssemblies (94ms)
			RebuildTransferFunctionScriptingTraits (0ms)
			SetupTypeCache (287ms)
			ReleaseScriptCaches (0ms)
			RebuildScriptCaches (54ms)
			SetupLoadedEditorAssemblies (666ms)
				LogAssemblyErrors (0ms)
				InitializePlatformSupportModulesInManaged (6ms)
				SetLoadedEditorAssemblies (0ms)
				RefreshPlugins (1ms)
				BeforeProcessingInitializeOnLoad (77ms)
				ProcessInitializeOnLoadAttributes (532ms)
				ProcessInitializeOnLoadMethodAttributes (42ms)
				AfterProcessingInitializeOnLoad (8ms)
				EditorAssembliesLoaded (0ms)
			ExecutionOrderSort2 (0ms)
			AwakeInstancesAfterBackupRestoration (7ms)
Platform modules already initialized, skipping
========================================================================
Worker process is ready to serve import requests
Launched and connected shader compiler UnityShaderCompiler.exe after 0.07 seconds
Refreshing native plugins compatible for Editor in 0.66 ms, found 4 plugins.
Preloading 0 native plugins for Editor in 0.00 ms.
Unloading 1951 Unused Serialized files (Serialized files now loaded: 0)
System memory in use before: 86.2 MB.
System memory in use after: 86.3 MB.

Unloading 65 unused Assets to reduce memory usage. Loaded Objects now: 2337.
Total: 4.493000 ms (FindLiveObjects: 0.182800 ms CreateObjectMapping: 0.057900 ms MarkObjects: 4.128300 ms  DeleteObjects: 0.122800 ms)

AssetImportParameters requested are different than current active one (requested -> active):
  custom:framework-win-MediaFoundation: 216162199b28c13a410421893ffa2e32 -> 
  custom:video-decoder-ogg-theora: a1e56fd34408186e4bbccfd4996cb3dc -> 
  custom:container-muxer-webm: aa71ff27fc2769a1b78a27578f13a17b -> 
  custom:container-demuxer-webm: 4f35f7cbe854078d1ac9338744f61a02 -> 
  custom:container-demuxer-ogg: 62fdf1f143b41e24485cea50d1cbac27 -> 
  custom:video-encoder-webm-vp8: eb34c28f22e8b96e1ab97ce403110664 -> 
  custom:video-decoder-webm-vp8: 9c59270c3fd7afecdb556c50c9e8de78 -> 
  custom:audio-decoder-ogg-vorbis: bf7c407c2cedff20999df2af8eb42d56 -> 
  custom:audio-encoder-webm-vorbis: bf7c407c2cedff20999df2af8eb42d56 -> 
========================================================================
Received Import Request.
  path: Assets/Wesley Folder/Prefabs
  artifactKey: Guid(455c9edd199ed4df5a7447b1a29f6e56) Importer(815301076,1909f56bfc062723c751e8b465ee728b)
Start importing Assets/Wesley Folder/Prefabs using Guid(455c9edd199ed4df5a7447b1a29f6e56) Importer(815301076,1909f56bfc062723c751e8b465ee728b)  -> (artifact id: 'fd8ffe19c1da4bfbdec26d462e05c59c') in 0.010531 seconds 
  Import took 0.014085 seconds .

========================================================================
Received Import Request.
  Time since last request: 0.000196 seconds.
  path: Assets/Wesley Folder/Prefabs/Lover.prefab
  artifactKey: Guid(fc3cb2cc88a59432f9ce321e63da79a9) Importer(815301076,1909f56bfc062723c751e8b465ee728b)
Start importing Assets/Wesley Folder/Prefabs/Lover.prefab using Guid(fc3cb2cc88a59432f9ce321e63da79a9) Importer(815301076,1909f56bfc062723c751e8b465ee728b)  -> (artifact id: 'f77236e460e239ab356ba982f1d599c5') in 0.113996 seconds 
  Import took 0.117425 seconds .

========================================================================
Received Import Request.
  Time since last request: 0.000247 seconds.
  path: Assets/Wesley Folder/Prefabs/Player Inputs.prefab
  artifactKey: Guid(9f1f8766bb0e142a0b4a9cbfe224bec4) Importer(815301076,1909f56bfc062723c751e8b465ee728b)
Start importing Assets/Wesley Folder/Prefabs/Player Inputs.prefab using Guid(9f1f8766bb0e142a0b4a9cbfe224bec4) Importer(815301076,1909f56bfc062723c751e8b465ee728b)  -> (artifact id: '2a88e8940b2d21dfc9341093bcaeb4ec') in 0.010234 seconds 
  Import took 0.013985 seconds .

========================================================================
Received Import Request.
  Time since last request: 0.706470 seconds.
  path: Assets/Wesley Folder/Physics
  artifactKey: Guid(e9255f39f226c49baad85ad020f86320) Importer(815301076,1909f56bfc062723c751e8b465ee728b)
Start importing Assets/Wesley Folder/Physics using Guid(e9255f39f226c49baad85ad020f86320) Importer(815301076,1909f56bfc062723c751e8b465ee728b)  -> (artifact id: '2600503fcd10e0ef0c5d68f549d27315') in 0.008280 seconds 
  Import took 0.011579 seconds .

========================================================================
Received Import Request.
  Time since last request: 0.148328 seconds.
  path: Assets/Wesley Folder/Physics/PlayerPhysicMaterial.physicMaterial
  artifactKey: Guid(3cdaaba30c6a54a1ba3d198adacbacd1) Importer(815301076,1909f56bfc062723c751e8b465ee728b)
Start importing Assets/Wesley Folder/Physics/PlayerPhysicMaterial.physicMaterial using Guid(3cdaaba30c6a54a1ba3d198adacbacd1) Importer(815301076,1909f56bfc062723c751e8b465ee728b)  -> (artifact id: 'c281cca83d93ac9f0cf6fc52363002ac') in 0.011666 seconds 
  Import took 0.017381 seconds .

========================================================================
Received Import Request.
  Time since last request: 1.782518 seconds.
  path: Assets/Wesley Folder/Scenes
  artifactKey: Guid(5ee1a528251cc4a5ca0be491af25c18f) Importer(815301076,1909f56bfc062723c751e8b465ee728b)
Start importing Assets/Wesley Folder/Scenes using Guid(5ee1a528251cc4a5ca0be491af25c18f) Importer(815301076,1909f56bfc062723c751e8b465ee728b)  -> (artifact id: 'dcd70e1c77fcaf4c4100f198bbb35abb') in 0.006003 seconds 
  Import took 0.009217 seconds .

========================================================================
Received Import Request.
  Time since last request: 6.207508 seconds.
  path: Assets/Wesley Folder/Scenes/WesScene.unity
  artifactKey: Guid(0b25959881aff4700bc32fc6118d390e) Importer(815301076,1909f56bfc062723c751e8b465ee728b)
Start importing Assets/Wesley Folder/Scenes/WesScene.unity using Guid(0b25959881aff4700bc32fc6118d390e) Importer(815301076,1909f56bfc062723c751e8b465ee728b)  -> (artifact id: 'dc64a7af1dbfa834294fcbfdb71c54bb') in 0.007135 seconds 
  Import took 0.010247 seconds .

========================================================================
Received Import Request.
  Time since last request: 36.037004 seconds.
  path: Assets/John Folder/JohnScene.unity
  artifactKey: Guid(ecb62cb4b206cfc4395986008f8afc53) Importer(815301076,1909f56bfc062723c751e8b465ee728b)
Start importing Assets/John Folder/JohnScene.unity using Guid(ecb62cb4b206cfc4395986008f8afc53) Importer(815301076,1909f56bfc062723c751e8b465ee728b)  -> (artifact id: '64a84400709b41b35b9b406e99343e60') in 0.003240 seconds 
  Import took 0.007015 seconds .

========================================================================
Received Import Request.
  Time since last request: 24.336608 seconds.
  path: Assets/Donovan Folder/DonoSceneMain.unity
  artifactKey: Guid(6f7660b2f19ff4347b4ad4b7068e905a) Importer(815301076,1909f56bfc062723c751e8b465ee728b)
Start importing Assets/Donovan Folder/DonoSceneMain.unity using Guid(6f7660b2f19ff4347b4ad4b7068e905a) Importer(815301076,1909f56bfc062723c751e8b465ee728b)  -> (artifact id: 'c597137b73e270ba3199c0eed0234c8d') in 0.008226 seconds 
  Import took 0.011482 seconds .

========================================================================
Received Prepare
Registering precompiled user dll's ...
Registered in 0.007126 seconds.
Begin MonoManager ReloadAssembly
Native extension for WindowsStandalone target not found
Native extension for OSXStandalone target not found
Refreshing native plugins compatible for Editor in 0.76 ms, found 4 plugins.
Preloading 0 native plugins for Editor in 0.00 ms.
Mono: successfully reloaded assembly
- Completed reload, in  1.754 seconds
Domain Reload Profiling:
	ReloadAssembly (1755ms)
		BeginReloadAssembly (142ms)
			ExecutionOrderSort (0ms)
			DisableScriptedObjects (5ms)
			BackupInstance (0ms)
			ReleaseScriptingObjects (0ms)
			CreateAndSetChildDomain (54ms)
		EndReloadAssembly (1538ms)
			LoadAssemblies (109ms)
			RebuildTransferFunctionScriptingTraits (0ms)
			SetupTypeCache (337ms)
			ReleaseScriptCaches (1ms)
			RebuildScriptCaches (122ms)
			SetupLoadedEditorAssemblies (722ms)
				LogAssemblyErrors (0ms)
				InitializePlatformSupportModulesInManaged (9ms)
				SetLoadedEditorAssemblies (1ms)
				RefreshPlugins (1ms)
				BeforeProcessingInitializeOnLoad (124ms)
				ProcessInitializeOnLoadAttributes (524ms)
				ProcessInitializeOnLoadMethodAttributes (53ms)
				AfterProcessingInitializeOnLoad (10ms)
				EditorAssembliesLoaded (0ms)
			ExecutionOrderSort2 (0ms)
			AwakeInstancesAfterBackupRestoration (8ms)
Platform modules already initialized, skipping
Refreshing native plugins compatible for Editor in 0.90 ms, found 4 plugins.
Preloading 0 native plugins for Editor in 0.00 ms.
Unloading 1929 Unused Serialized files (Serialized files now loaded: 0)
System memory in use before: 87.8 MB.
System memory in use after: 87.9 MB.

Unloading 61 unused Assets to reduce memory usage. Loaded Objects now: 2347.
Total: 4.823500 ms (FindLiveObjects: 0.277100 ms CreateObjectMapping: 0.115700 ms MarkObjects: 4.386300 ms  DeleteObjects: 0.042600 ms)

AssetImportParameters requested are different than current active one (requested -> active):
  custom:framework-win-MediaFoundation: 216162199b28c13a410421893ffa2e32 -> 
  custom:video-decoder-ogg-theora: a1e56fd34408186e4bbccfd4996cb3dc -> 
  custom:container-muxer-webm: aa71ff27fc2769a1b78a27578f13a17b -> 
  custom:container-demuxer-webm: 4f35f7cbe854078d1ac9338744f61a02 -> 
  custom:container-demuxer-ogg: 62fdf1f143b41e24485cea50d1cbac27 -> 
  custom:video-encoder-webm-vp8: eb34c28f22e8b96e1ab97ce403110664 -> 
  custom:video-decoder-webm-vp8: 9c59270c3fd7afecdb556c50c9e8de78 -> 
  custom:audio-decoder-ogg-vorbis: bf7c407c2cedff20999df2af8eb42d56 -> 
  custom:audio-encoder-webm-vorbis: bf7c407c2cedff20999df2af8eb42d56 -> 
AssetImportWorkerClient::OnTransportError - code=2 error=End of file
