Using pre-set license
Built from '2020.3/staging' branch; Version is '2020.3.20f1 (41c4e627c95f) revision 4310246'; Using compiler version '192528614'; Build Type 'Release'
OS: 'Windows 10 Home; OS build 19042.1288; Version 2009; 64bit' Language: 'en' Physical Memory: 15776 MB
BatchMode: 1, IsHumanControllingUs: 0, StartBugReporterOnCrash: 0, Is64bit: 1, IsPro: 0

COMMAND LINE ARGUMENTS:
C:\Program Files\Unity\Hub\Editor\2020.3.20f1\Editor\Unity.exe
-adb2
-batchMode
-noUpm
-name
AssetImportWorker0
-projectPath
C:/Users/johne/Documents/GitHub Repos/DownHorrendousPrototype/DownHorrendous_Unity
-logFile
Logs/AssetImportWorker0.log
-srvPort
59876
Successfully changed project path to: C:/Users/johne/Documents/GitHub Repos/DownHorrendousPrototype/DownHorrendous_Unity
C:/Users/johne/Documents/GitHub Repos/DownHorrendousPrototype/DownHorrendous_Unity
Using Asset Import Pipeline V2.
Refreshing native plugins compatible for Editor in 63.65 ms, found 4 plugins.
Preloading 0 native plugins for Editor in 0.00 ms.
Initialize engine version: 2020.3.20f1 (41c4e627c95f)
[Subsystems] Discovering subsystems at path C:/Program Files/Unity/Hub/Editor/2020.3.20f1/Editor/Data/Resources/UnitySubsystems
[Subsystems] Discovering subsystems at path C:/Users/johne/Documents/GitHub Repos/DownHorrendousPrototype/DownHorrendous_Unity/Assets
GfxDevice: creating device client; threaded=0
Direct3D:
    Version:  Direct3D 11.0 [level 11.1]
    Renderer: NVIDIA GeForce RTX 3070 Laptop GPU (ID=0x249d)
    Vendor:   
    VRAM:     8044 MB
    Driver:   30.0.14.9613
Initialize mono
Mono path[0] = 'C:/Program Files/Unity/Hub/Editor/2020.3.20f1/Editor/Data/Managed'
Mono path[1] = 'C:/Program Files/Unity/Hub/Editor/2020.3.20f1/Editor/Data/MonoBleedingEdge/lib/mono/unityjit'
Mono config path = 'C:/Program Files/Unity/Hub/Editor/2020.3.20f1/Editor/Data/MonoBleedingEdge/etc'
Using monoOptions --debugger-agent=transport=dt_socket,embedding=1,server=y,suspend=n,address=127.0.0.1:56608
Begin MonoManager ReloadAssembly
Registering precompiled unity dll's ...
Register platform support module: C:/Program Files/Unity/Hub/Editor/2020.3.20f1/Editor/Data/PlaybackEngines/WebGLSupport/UnityEditor.WebGL.Extensions.dll
Register platform support module: C:/Program Files/Unity/Hub/Editor/2020.3.20f1/Editor/Data/PlaybackEngines/WindowsStandaloneSupport/UnityEditor.WindowsStandalone.Extensions.dll
Registered in 0.002424 seconds.
Native extension for WindowsStandalone target not found
Native extension for WebGL target not found
Refreshing native plugins compatible for Editor in 43.84 ms, found 4 plugins.
Preloading 0 native plugins for Editor in 0.00 ms.
Mono: successfully reloaded assembly
- Completed reload, in  1.203 seconds
Domain Reload Profiling:
	ReloadAssembly (1203ms)
		BeginReloadAssembly (54ms)
			ExecutionOrderSort (0ms)
			DisableScriptedObjects (0ms)
			BackupInstance (0ms)
			ReleaseScriptingObjects (0ms)
			CreateAndSetChildDomain (1ms)
		EndReloadAssembly (409ms)
			LoadAssemblies (52ms)
			RebuildTransferFunctionScriptingTraits (0ms)
			SetupTypeCache (140ms)
			ReleaseScriptCaches (0ms)
			RebuildScriptCaches (25ms)
			SetupLoadedEditorAssemblies (172ms)
				LogAssemblyErrors (0ms)
				InitializePlatformSupportModulesInManaged (5ms)
				SetLoadedEditorAssemblies (0ms)
				RefreshPlugins (44ms)
				BeforeProcessingInitializeOnLoad (16ms)
				ProcessInitializeOnLoadAttributes (79ms)
				ProcessInitializeOnLoadMethodAttributes (27ms)
				AfterProcessingInitializeOnLoad (0ms)
				EditorAssembliesLoaded (0ms)
			ExecutionOrderSort2 (0ms)
			AwakeInstancesAfterBackupRestoration (0ms)
Platform modules already initialized, skipping
Registering precompiled user dll's ...
Registered in 0.007412 seconds.
Begin MonoManager ReloadAssembly
Symbol file data-000001E7F5DB8990 doesn't match image C:\Users\johne\Documents\GitHub Repos\DownHorrendousPrototype\DownHorrendous_Unity\Library\ScriptAssemblies\Unity.VSCode.Editor.dll
Symbol file LoadedFromMemory is not a mono symbol file
Symbol file data-000001E7F0D38840 doesn't match image C:\Users\johne\Documents\GitHub Repos\DownHorrendousPrototype\DownHorrendous_Unity\Library\ScriptAssemblies\Unity.TextMeshPro.Editor.dll
Symbol file LoadedFromMemory is not a mono symbol file
Symbol file data-000001E7F0D5A010 doesn't match image C:\Users\johne\Documents\GitHub Repos\DownHorrendousPrototype\DownHorrendous_Unity\Library\ScriptAssemblies\Unity.VisualStudio.Editor.dll
Symbol file LoadedFromMemory is not a mono symbol file
Symbol file data-000001E7F1061A20 doesn't match image C:\Users\johne\Documents\GitHub Repos\DownHorrendousPrototype\DownHorrendous_Unity\Library\ScriptAssemblies\UnityEngine.TestRunner.dll
Symbol file LoadedFromMemory is not a mono symbol file
Symbol file data-000001E7F5A8D020 doesn't match image C:\Users\johne\Documents\GitHub Repos\DownHorrendousPrototype\DownHorrendous_Unity\Library\ScriptAssemblies\Unity.Timeline.Editor.dll
Symbol file LoadedFromMemory is not a mono symbol file
Symbol file data-000001E7F1061A20 doesn't match image C:\Users\johne\Documents\GitHub Repos\DownHorrendousPrototype\DownHorrendous_Unity\Library\ScriptAssemblies\Unity.Timeline.dll
Symbol file LoadedFromMemory is not a mono symbol file
Symbol file data-000001E7F5A8D020 doesn't match image C:\Users\johne\Documents\GitHub Repos\DownHorrendousPrototype\DownHorrendous_Unity\Library\ScriptAssemblies\Unity.TextMeshPro.dll
Symbol file LoadedFromMemory is not a mono symbol file
Symbol file data-000001E7F0D89620 doesn't match image C:\Users\johne\Documents\GitHub Repos\DownHorrendousPrototype\DownHorrendous_Unity\Library\ScriptAssemblies\Unity.CollabProxy.Editor.dll
Symbol file LoadedFromMemory is not a mono symbol file
Symbol file data-000001E7F5B0F230 doesn't match image C:\Users\johne\Documents\GitHub Repos\DownHorrendousPrototype\DownHorrendous_Unity\Library\ScriptAssemblies\UnityEditor.TestRunner.dll
Symbol file LoadedFromMemory is not a mono symbol file
Symbol file data-000001E7F55DC010 doesn't match image C:\Users\johne\Documents\GitHub Repos\DownHorrendousPrototype\DownHorrendous_Unity\Library\ScriptAssemblies\UnityEditor.UI.dll
Symbol file LoadedFromMemory is not a mono symbol file
Symbol file data-000001E7F55EDC20 doesn't match image C:\Users\johne\Documents\GitHub Repos\DownHorrendousPrototype\DownHorrendous_Unity\Library\ScriptAssemblies\Unity.Rider.Editor.dll
Symbol file LoadedFromMemory is not a mono symbol file
Symbol file data-000001E7F5600D20 doesn't match image C:\Users\johne\Documents\GitHub Repos\DownHorrendousPrototype\DownHorrendous_Unity\Library\ScriptAssemblies\UnityEngine.UI.dll
Symbol file LoadedFromMemory is not a mono symbol file
Symbol file data-000001E7F5CD5010 doesn't match image C:\Users\johne\Documents\GitHub Repos\DownHorrendousPrototype\DownHorrendous_Unity\Library\ScriptAssemblies\Unity.PlasticSCM.Editor.dll
Symbol file LoadedFromMemory is not a mono symbol file
Native extension for WindowsStandalone target not found
Native extension for WebGL target not found
Refreshing native plugins compatible for Editor in 0.77 ms, found 4 plugins.
Preloading 0 native plugins for Editor in 0.00 ms.
Refreshing native plugins compatible for Editor in 0.83 ms, found 4 plugins.
Mono: successfully reloaded assembly
- Completed reload, in  1.254 seconds
Domain Reload Profiling:
	ReloadAssembly (1255ms)
		BeginReloadAssembly (129ms)
			ExecutionOrderSort (0ms)
			DisableScriptedObjects (4ms)
			BackupInstance (0ms)
			ReleaseScriptingObjects (0ms)
			CreateAndSetChildDomain (18ms)
		EndReloadAssembly (1065ms)
			LoadAssemblies (85ms)
			RebuildTransferFunctionScriptingTraits (0ms)
			SetupTypeCache (250ms)
			ReleaseScriptCaches (1ms)
			RebuildScriptCaches (42ms)
			SetupLoadedEditorAssemblies (594ms)
				LogAssemblyErrors (0ms)
				InitializePlatformSupportModulesInManaged (6ms)
				SetLoadedEditorAssemblies (0ms)
				RefreshPlugins (1ms)
				BeforeProcessingInitializeOnLoad (83ms)
				ProcessInitializeOnLoadAttributes (461ms)
				ProcessInitializeOnLoadMethodAttributes (37ms)
				AfterProcessingInitializeOnLoad (7ms)
				EditorAssembliesLoaded (0ms)
			ExecutionOrderSort2 (0ms)
			AwakeInstancesAfterBackupRestoration (7ms)
Platform modules already initialized, skipping
========================================================================
Worker process is ready to serve import requests
Launched and connected shader compiler UnityShaderCompiler.exe after 0.08 seconds
Refreshing native plugins compatible for Editor in 0.77 ms, found 4 plugins.
Preloading 0 native plugins for Editor in 0.00 ms.
Unloading 1951 Unused Serialized files (Serialized files now loaded: 0)
System memory in use before: 86.2 MB.
System memory in use after: 86.3 MB.

Unloading 65 unused Assets to reduce memory usage. Loaded Objects now: 2338.
Total: 4.308100 ms (FindLiveObjects: 0.229600 ms CreateObjectMapping: 0.051600 ms MarkObjects: 3.936200 ms  DeleteObjects: 0.088900 ms)

AssetImportParameters requested are different than current active one (requested -> active):
  custom:framework-win-MediaFoundation: 216162199b28c13a410421893ffa2e32 -> 
  custom:video-decoder-ogg-theora: a1e56fd34408186e4bbccfd4996cb3dc -> 
  custom:container-muxer-webm: aa71ff27fc2769a1b78a27578f13a17b -> 
  custom:container-demuxer-webm: 4f35f7cbe854078d1ac9338744f61a02 -> 
  custom:container-demuxer-ogg: 62fdf1f143b41e24485cea50d1cbac27 -> 
  custom:video-encoder-webm-vp8: eb34c28f22e8b96e1ab97ce403110664 -> 
  custom:video-codec-MediaFoundation-h265: 746d11721c4dcdbdad8f713fa42b33f4 -> 
  custom:video-decoder-webm-vp8: 9c59270c3fd7afecdb556c50c9e8de78 -> 
  custom:audio-decoder-ogg-vorbis: bf7c407c2cedff20999df2af8eb42d56 -> 
  custom:audio-encoder-webm-vorbis: bf7c407c2cedff20999df2af8eb42d56 -> 
========================================================================
Received Import Request.
  path: Assets/John Folder/Materials/Flesh.mat
  artifactKey: Guid(649c3caf91dbf844f84df8037d3f51d4) Importer(815301076,1909f56bfc062723c751e8b465ee728b)
Start importing Assets/John Folder/Materials/Flesh.mat using Guid(649c3caf91dbf844f84df8037d3f51d4) Importer(815301076,1909f56bfc062723c751e8b465ee728b)  -> (artifact id: '8d971f72b3d5221a56612b06302c5dc3') in 0.133164 seconds 
  Import took 0.136895 seconds .

========================================================================
Received Import Request.
  Time since last request: 0.000243 seconds.
  path: Assets/John Folder/Materials/Glass.mat
  artifactKey: Guid(21e290f2d6f39db4b92ea861a33003f2) Importer(815301076,1909f56bfc062723c751e8b465ee728b)
Start importing Assets/John Folder/Materials/Glass.mat using Guid(21e290f2d6f39db4b92ea861a33003f2) Importer(815301076,1909f56bfc062723c751e8b465ee728b)  -> (artifact id: '6893b93cae35379ec5e711c02fd6d36c') in 0.025444 seconds 
  Import took 0.029120 seconds .

========================================================================
Received Import Request.
  Time since last request: 0.000197 seconds.
  path: Assets/John Folder/Materials/Carpet.mat
  artifactKey: Guid(389dacc9be799e746b0b114f04169934) Importer(815301076,1909f56bfc062723c751e8b465ee728b)
Start importing Assets/John Folder/Materials/Carpet.mat using Guid(389dacc9be799e746b0b114f04169934) Importer(815301076,1909f56bfc062723c751e8b465ee728b)  -> (artifact id: 'fae367c05166b4ec30aa09f344260499') in 0.015858 seconds 
  Import took 0.019660 seconds .

========================================================================
Received Import Request.
  Time since last request: 0.000203 seconds.
  path: Assets/John Folder/Materials/Orange.mat
  artifactKey: Guid(7f63c97e612d8a04b915f55b299c62bc) Importer(815301076,1909f56bfc062723c751e8b465ee728b)
Start importing Assets/John Folder/Materials/Orange.mat using Guid(7f63c97e612d8a04b915f55b299c62bc) Importer(815301076,1909f56bfc062723c751e8b465ee728b)  -> (artifact id: '8629ecf61c619b8460c550f6b8f3c40a') in 0.014844 seconds 
  Import took 0.019547 seconds .

========================================================================
Received Import Request.
  Time since last request: 0.000176 seconds.
  path: Assets/John Folder/Materials/Red.mat
  artifactKey: Guid(18af9e5340dbaad4186ecba7b1df6a91) Importer(815301076,1909f56bfc062723c751e8b465ee728b)
Start importing Assets/John Folder/Materials/Red.mat using Guid(18af9e5340dbaad4186ecba7b1df6a91) Importer(815301076,1909f56bfc062723c751e8b465ee728b)  -> (artifact id: 'b91bd8f56ced09092b7c76247173ee99') in 0.021273 seconds 
  Import took 0.024574 seconds .

========================================================================
Received Import Request.
  Time since last request: 0.000181 seconds.
  path: Assets/John Folder/Materials/Black.mat
  artifactKey: Guid(b70b6b2508d891f47ab03c2fe13bbfca) Importer(815301076,1909f56bfc062723c751e8b465ee728b)
Start importing Assets/John Folder/Materials/Black.mat using Guid(b70b6b2508d891f47ab03c2fe13bbfca) Importer(815301076,1909f56bfc062723c751e8b465ee728b)  -> (artifact id: '1a8101668fbd3df98c78826940746b38') in 0.020364 seconds 
  Import took 0.024192 seconds .

========================================================================
Received Import Request.
  Time since last request: 0.000218 seconds.
  path: Assets/John Folder/Materials/Pink.mat
  artifactKey: Guid(225c44353d8d73f489757f9bcfb7924a) Importer(815301076,1909f56bfc062723c751e8b465ee728b)
Start importing Assets/John Folder/Materials/Pink.mat using Guid(225c44353d8d73f489757f9bcfb7924a) Importer(815301076,1909f56bfc062723c751e8b465ee728b)  -> (artifact id: 'fc00ec8104d2bbe741aa94b97cdf156f') in 0.016207 seconds 
  Import took 0.019572 seconds .

========================================================================
Received Import Request.
  Time since last request: 0.000195 seconds.
  path: Assets/John Folder/Materials/Goal.mat
  artifactKey: Guid(a0b8108a8dc2fdb47884298fe94d6699) Importer(815301076,1909f56bfc062723c751e8b465ee728b)
Start importing Assets/John Folder/Materials/Goal.mat using Guid(a0b8108a8dc2fdb47884298fe94d6699) Importer(815301076,1909f56bfc062723c751e8b465ee728b)  -> (artifact id: 'a8f87d16e02f18e9d420ba742ad1e9cd') in 0.013350 seconds 
  Import took 0.016935 seconds .

========================================================================
Received Import Request.
  Time since last request: 0.000173 seconds.
  path: Assets/John Folder/Materials/Blue.mat
  artifactKey: Guid(a363ef29bf960b34a98b9c8c890f4271) Importer(815301076,1909f56bfc062723c751e8b465ee728b)
Start importing Assets/John Folder/Materials/Blue.mat using Guid(a363ef29bf960b34a98b9c8c890f4271) Importer(815301076,1909f56bfc062723c751e8b465ee728b)  -> (artifact id: '1b5e56bfb443ce1e8cdbe8b8c11f4a70') in 0.013270 seconds 
  Import took 0.016396 seconds .

========================================================================
Received Import Request.
  Time since last request: 0.000183 seconds.
  path: Assets/Plugins/RealtimeCSG/Runtime/Materials/Window.mat
  artifactKey: Guid(b97ec88e269e0554980e460da975d229) Importer(815301076,1909f56bfc062723c751e8b465ee728b)
Start importing Assets/Plugins/RealtimeCSG/Runtime/Materials/Window.mat using Guid(b97ec88e269e0554980e460da975d229) Importer(815301076,1909f56bfc062723c751e8b465ee728b)  -> (artifact id: 'e0990f53db7f237498b959d8aad263ed') in 0.030093 seconds 
  Import took 0.033640 seconds .

========================================================================
Received Import Request.
  Time since last request: 0.000166 seconds.
  path: Assets/Plugins/RealtimeCSG/Runtime/Materials/Wall.mat
  artifactKey: Guid(ca37785d773692b47bd7339c9dd802ce) Importer(815301076,1909f56bfc062723c751e8b465ee728b)
Start importing Assets/Plugins/RealtimeCSG/Runtime/Materials/Wall.mat using Guid(ca37785d773692b47bd7339c9dd802ce) Importer(815301076,1909f56bfc062723c751e8b465ee728b)  -> (artifact id: '8925145cbf66e6e60357e19aa5c62902') in 0.020973 seconds 
  Import took 0.024127 seconds .

========================================================================
Received Import Request.
  Time since last request: 0.000195 seconds.
  path: Assets/Plugins/RealtimeCSG/Runtime/Materials/Floor.mat
  artifactKey: Guid(d8e10aad982fd9d439566c147abd457c) Importer(815301076,1909f56bfc062723c751e8b465ee728b)
Start importing Assets/Plugins/RealtimeCSG/Runtime/Materials/Floor.mat using Guid(d8e10aad982fd9d439566c147abd457c) Importer(815301076,1909f56bfc062723c751e8b465ee728b)  -> (artifact id: 'f315e6cdc2d94890884366911eef165f') in 0.025941 seconds 
  Import took 0.028939 seconds .

========================================================================
Received Import Request.
  Time since last request: 0.000160 seconds.
  path: Assets/John Folder/Materials/Green.mat
  artifactKey: Guid(d941e8d8eaeff9b4593fefa9c1f04693) Importer(815301076,1909f56bfc062723c751e8b465ee728b)
Start importing Assets/John Folder/Materials/Green.mat using Guid(d941e8d8eaeff9b4593fefa9c1f04693) Importer(815301076,1909f56bfc062723c751e8b465ee728b)  -> (artifact id: '3c5ac9dc0283ab1f9c40ea4926319435') in 0.013316 seconds 
  Import took 0.016633 seconds .

========================================================================
Received Import Request.
  Time since last request: 0.000153 seconds.
  path: Assets/John Folder/Materials/White.mat
  artifactKey: Guid(9216e3bbb7a5838439fe1afd3a1aa961) Importer(815301076,1909f56bfc062723c751e8b465ee728b)
Start importing Assets/John Folder/Materials/White.mat using Guid(9216e3bbb7a5838439fe1afd3a1aa961) Importer(815301076,1909f56bfc062723c751e8b465ee728b)  -> (artifact id: '3e2bf96f95ad8dee6c824cdf1e472dc2') in 0.012795 seconds 
  Import took 0.016087 seconds .

========================================================================
Received Import Request.
  Time since last request: 71.457539 seconds.
  path: Assets/John Folder/Materials
  artifactKey: Guid(d2fcc28eab8c5da4ebcc599a2f7ee4cb) Importer(815301076,1909f56bfc062723c751e8b465ee728b)
Start importing Assets/John Folder/Materials using Guid(d2fcc28eab8c5da4ebcc599a2f7ee4cb) Importer(815301076,1909f56bfc062723c751e8b465ee728b)  -> (artifact id: '0bf550f8059f46bf44dae1869e63ff8b') in 0.008245 seconds 
  Import took 0.011744 seconds .

========================================================================
Received Prepare
Registering precompiled user dll's ...
Registered in 0.006995 seconds.
Begin MonoManager ReloadAssembly
Symbol file data-000001E7F563C030 doesn't match image C:\Users\johne\Documents\GitHub Repos\DownHorrendousPrototype\DownHorrendous_Unity\Library\ScriptAssemblies\Unity.VSCode.Editor.dll
Symbol file LoadedFromMemory is not a mono symbol file
Symbol file data-000001E7F52CD010 doesn't match image C:\Users\johne\Documents\GitHub Repos\DownHorrendousPrototype\DownHorrendous_Unity\Library\ScriptAssemblies\Unity.TextMeshPro.Editor.dll
Symbol file LoadedFromMemory is not a mono symbol file
Symbol file data-000001E7F6C1F010 doesn't match image C:\Users\johne\Documents\GitHub Repos\DownHorrendousPrototype\DownHorrendous_Unity\Library\ScriptAssemblies\Unity.VisualStudio.Editor.dll
Symbol file LoadedFromMemory is not a mono symbol file
Symbol file data-000001E7F9473030 doesn't match image C:\Users\johne\Documents\GitHub Repos\DownHorrendousPrototype\DownHorrendous_Unity\Library\ScriptAssemblies\UnityEngine.TestRunner.dll
Symbol file LoadedFromMemory is not a mono symbol file
Symbol file data-000001E7F5CD5010 doesn't match image C:\Users\johne\Documents\GitHub Repos\DownHorrendousPrototype\DownHorrendous_Unity\Library\ScriptAssemblies\Unity.Timeline.Editor.dll
Symbol file LoadedFromMemory is not a mono symbol file
Symbol file data-000001E7F0D29020 doesn't match image C:\Users\johne\Documents\GitHub Repos\DownHorrendousPrototype\DownHorrendous_Unity\Library\ScriptAssemblies\Unity.Timeline.dll
Symbol file LoadedFromMemory is not a mono symbol file
Symbol file data-000001E7F51AE010 doesn't match image C:\Users\johne\Documents\GitHub Repos\DownHorrendousPrototype\DownHorrendous_Unity\Library\ScriptAssemblies\Unity.TextMeshPro.dll
Symbol file LoadedFromMemory is not a mono symbol file
Symbol file data-000001E7F9473030 doesn't match image C:\Users\johne\Documents\GitHub Repos\DownHorrendousPrototype\DownHorrendous_Unity\Library\ScriptAssemblies\Unity.CollabProxy.Editor.dll
Symbol file LoadedFromMemory is not a mono symbol file
Symbol file data-000001E7F5D03220 doesn't match image C:\Users\johne\Documents\GitHub Repos\DownHorrendousPrototype\DownHorrendous_Unity\Library\ScriptAssemblies\UnityEditor.TestRunner.dll
Symbol file LoadedFromMemory is not a mono symbol file
Symbol file data-000001E7F5355CE0 doesn't match image C:\Users\johne\Documents\GitHub Repos\DownHorrendousPrototype\DownHorrendous_Unity\Library\ScriptAssemblies\UnityEditor.UI.dll
Symbol file LoadedFromMemory is not a mono symbol file
Symbol file data-000001E7F105BE20 doesn't match image C:\Users\johne\Documents\GitHub Repos\DownHorrendousPrototype\DownHorrendous_Unity\Library\ScriptAssemblies\Unity.Rider.Editor.dll
Symbol file LoadedFromMemory is not a mono symbol file
Symbol file data-000001E7FA04E010 doesn't match image C:\Users\johne\Documents\GitHub Repos\DownHorrendousPrototype\DownHorrendous_Unity\Library\ScriptAssemblies\UnityEngine.UI.dll
Symbol file LoadedFromMemory is not a mono symbol file
Symbol file data-000001E7F5FE4020 doesn't match image C:\Users\johne\Documents\GitHub Repos\DownHorrendousPrototype\DownHorrendous_Unity\Library\ScriptAssemblies\Unity.PlasticSCM.Editor.dll
Symbol file LoadedFromMemory is not a mono symbol file
Native extension for WindowsStandalone target not found
Native extension for WebGL target not found
Refreshing native plugins compatible for Editor in 0.98 ms, found 4 plugins.
Preloading 0 native plugins for Editor in 0.00 ms.
Mono: successfully reloaded assembly
- Completed reload, in  1.201 seconds
Domain Reload Profiling:
	ReloadAssembly (1201ms)
		BeginReloadAssembly (108ms)
			ExecutionOrderSort (0ms)
			DisableScriptedObjects (4ms)
			BackupInstance (0ms)
			ReleaseScriptingObjects (0ms)
			CreateAndSetChildDomain (38ms)
		EndReloadAssembly (1034ms)
			LoadAssemblies (82ms)
			RebuildTransferFunctionScriptingTraits (0ms)
			SetupTypeCache (259ms)
			ReleaseScriptCaches (1ms)
			RebuildScriptCaches (37ms)
			SetupLoadedEditorAssemblies (538ms)
				LogAssemblyErrors (0ms)
				InitializePlatformSupportModulesInManaged (6ms)
				SetLoadedEditorAssemblies (1ms)
				RefreshPlugins (1ms)
				BeforeProcessingInitializeOnLoad (80ms)
				ProcessInitializeOnLoadAttributes (406ms)
				ProcessInitializeOnLoadMethodAttributes (37ms)
				AfterProcessingInitializeOnLoad (7ms)
				EditorAssembliesLoaded (0ms)
			ExecutionOrderSort2 (0ms)
			AwakeInstancesAfterBackupRestoration (7ms)
Platform modules already initialized, skipping
Refreshing native plugins compatible for Editor in 0.82 ms, found 4 plugins.
Preloading 0 native plugins for Editor in 0.00 ms.
Unloading 1929 Unused Serialized files (Serialized files now loaded: 0)
System memory in use before: 87.9 MB.
System memory in use after: 88.0 MB.

Unloading 60 unused Assets to reduce memory usage. Loaded Objects now: 2380.
Total: 4.661100 ms (FindLiveObjects: 0.404800 ms CreateObjectMapping: 0.052300 ms MarkObjects: 4.140900 ms  DeleteObjects: 0.060500 ms)

AssetImportParameters requested are different than current active one (requested -> active):
  custom:framework-win-MediaFoundation: 216162199b28c13a410421893ffa2e32 -> 
  custom:video-decoder-ogg-theora: a1e56fd34408186e4bbccfd4996cb3dc -> 
  custom:container-muxer-webm: aa71ff27fc2769a1b78a27578f13a17b -> 
  custom:container-demuxer-webm: 4f35f7cbe854078d1ac9338744f61a02 -> 
  custom:container-demuxer-ogg: 62fdf1f143b41e24485cea50d1cbac27 -> 
  custom:video-encoder-webm-vp8: eb34c28f22e8b96e1ab97ce403110664 -> 
  custom:video-codec-MediaFoundation-h265: 746d11721c4dcdbdad8f713fa42b33f4 -> 
  custom:video-decoder-webm-vp8: 9c59270c3fd7afecdb556c50c9e8de78 -> 
  custom:audio-decoder-ogg-vorbis: bf7c407c2cedff20999df2af8eb42d56 -> 
  custom:audio-encoder-webm-vorbis: bf7c407c2cedff20999df2af8eb42d56 -> 
========================================================================
Received Import Request.
  Time since last request: 314.818604 seconds.
  path: Assets/Wesley Folder/Prefabs
  artifactKey: Guid(455c9edd199ed4df5a7447b1a29f6e56) Importer(815301076,1909f56bfc062723c751e8b465ee728b)
Start importing Assets/Wesley Folder/Prefabs using Guid(455c9edd199ed4df5a7447b1a29f6e56) Importer(815301076,1909f56bfc062723c751e8b465ee728b)  -> (artifact id: '5376ecb15e80444228b2a61e61d105e5') in 0.011449 seconds 
  Import took 0.014880 seconds .

========================================================================
Received Import Request.
  Time since last request: 0.022335 seconds.
  path: Assets/Wesley Folder/Prefabs/Lover.prefab
  artifactKey: Guid(fc3cb2cc88a59432f9ce321e63da79a9) Importer(815301076,1909f56bfc062723c751e8b465ee728b)
Start importing Assets/Wesley Folder/Prefabs/Lover.prefab using Guid(fc3cb2cc88a59432f9ce321e63da79a9) Importer(815301076,1909f56bfc062723c751e8b465ee728b)  -> (artifact id: 'a22ef3e859e40b21f1e7929de629725e') in 0.065505 seconds 
  Import took 0.068778 seconds .

========================================================================
Received Import Request.
  Time since last request: 0.000160 seconds.
  path: Assets/Wesley Folder/Prefabs/Player Inputs.prefab
  artifactKey: Guid(9f1f8766bb0e142a0b4a9cbfe224bec4) Importer(815301076,1909f56bfc062723c751e8b465ee728b)
Start importing Assets/Wesley Folder/Prefabs/Player Inputs.prefab using Guid(9f1f8766bb0e142a0b4a9cbfe224bec4) Importer(815301076,1909f56bfc062723c751e8b465ee728b)  -> (artifact id: '1a82de4c90626443e9333e66f82bb2f8') in 0.010865 seconds 
  Import took 0.013643 seconds .

========================================================================
Received Import Request.
  Time since last request: 39.606074 seconds.
  path: Assets/John Folder/Materials/Brick.mat
  artifactKey: Guid(8266791d8727da64ebef93f75f476243) Importer(815301076,1909f56bfc062723c751e8b465ee728b)
Start importing Assets/John Folder/Materials/Brick.mat using Guid(8266791d8727da64ebef93f75f476243) Importer(815301076,1909f56bfc062723c751e8b465ee728b)  -> (artifact id: '75341d0fbff354d865031a49782a22f0') in 0.025288 seconds 
  Import took 0.028674 seconds .

========================================================================
Received Prepare
Registering precompiled user dll's ...
Registered in 0.007286 seconds.
Begin MonoManager ReloadAssembly
Symbol file data-000001E7FA424D30 doesn't match image C:\Users\johne\Documents\GitHub Repos\DownHorrendousPrototype\DownHorrendous_Unity\Library\ScriptAssemblies\Unity.VSCode.Editor.dll
Symbol file LoadedFromMemory is not a mono symbol file
Symbol file data-000001E81EBE3D00 doesn't match image C:\Users\johne\Documents\GitHub Repos\DownHorrendousPrototype\DownHorrendous_Unity\Library\ScriptAssemblies\Unity.TextMeshPro.Editor.dll
Symbol file LoadedFromMemory is not a mono symbol file
Symbol file data-000001E7F5638020 doesn't match image C:\Users\johne\Documents\GitHub Repos\DownHorrendousPrototype\DownHorrendous_Unity\Library\ScriptAssemblies\Unity.VisualStudio.Editor.dll
Symbol file LoadedFromMemory is not a mono symbol file
Symbol file data-000001E7F901DC50 doesn't match image C:\Users\johne\Documents\GitHub Repos\DownHorrendousPrototype\DownHorrendous_Unity\Library\ScriptAssemblies\UnityEngine.TestRunner.dll
Symbol file LoadedFromMemory is not a mono symbol file
Symbol file data-000001E7F1087C90 doesn't match image C:\Users\johne\Documents\GitHub Repos\DownHorrendousPrototype\DownHorrendous_Unity\Library\ScriptAssemblies\Unity.Timeline.Editor.dll
Symbol file LoadedFromMemory is not a mono symbol file
Symbol file data-000001E7F124C020 doesn't match image C:\Users\johne\Documents\GitHub Repos\DownHorrendousPrototype\DownHorrendous_Unity\Library\ScriptAssemblies\Unity.Timeline.dll
Symbol file LoadedFromMemory is not a mono symbol file
Symbol file data-000001E7F916E010 doesn't match image C:\Users\johne\Documents\GitHub Repos\DownHorrendousPrototype\DownHorrendous_Unity\Library\ScriptAssemblies\Unity.TextMeshPro.dll
Symbol file LoadedFromMemory is not a mono symbol file
Symbol file data-000001E7FA62B100 doesn't match image C:\Users\johne\Documents\GitHub Repos\DownHorrendousPrototype\DownHorrendous_Unity\Library\ScriptAssemblies\Unity.CollabProxy.Editor.dll
Symbol file LoadedFromMemory is not a mono symbol file
Symbol file data-000001E7FAD403F0 doesn't match image C:\Users\johne\Documents\GitHub Repos\DownHorrendousPrototype\DownHorrendous_Unity\Library\ScriptAssemblies\UnityEditor.TestRunner.dll
Symbol file LoadedFromMemory is not a mono symbol file
Symbol file data-000001E7F0D5A010 doesn't match image C:\Users\johne\Documents\GitHub Repos\DownHorrendousPrototype\DownHorrendous_Unity\Library\ScriptAssemblies\UnityEditor.UI.dll
Symbol file LoadedFromMemory is not a mono symbol file
Symbol file data-000001E7FAF89C10 doesn't match image C:\Users\johne\Documents\GitHub Repos\DownHorrendousPrototype\DownHorrendous_Unity\Library\ScriptAssemblies\Unity.Rider.Editor.dll
Symbol file LoadedFromMemory is not a mono symbol file
Symbol file data-000001E7FBAE8010 doesn't match image C:\Users\johne\Documents\GitHub Repos\DownHorrendousPrototype\DownHorrendous_Unity\Library\ScriptAssemblies\UnityEngine.UI.dll
Symbol file LoadedFromMemory is not a mono symbol file
Symbol file data-000001E7F5FE4020 doesn't match image C:\Users\johne\Documents\GitHub Repos\DownHorrendousPrototype\DownHorrendous_Unity\Library\ScriptAssemblies\Unity.PlasticSCM.Editor.dll
Symbol file LoadedFromMemory is not a mono symbol file
Native extension for WindowsStandalone target not found
Native extension for WebGL target not found
Refreshing native plugins compatible for Editor in 0.78 ms, found 4 plugins.
Preloading 0 native plugins for Editor in 0.00 ms.
Mono: successfully reloaded assembly
- Completed reload, in  1.169 seconds
Domain Reload Profiling:
	ReloadAssembly (1170ms)
		BeginReloadAssembly (125ms)
			ExecutionOrderSort (0ms)
			DisableScriptedObjects (4ms)
			BackupInstance (0ms)
			ReleaseScriptingObjects (0ms)
			CreateAndSetChildDomain (42ms)
		EndReloadAssembly (982ms)
			LoadAssemblies (85ms)
			RebuildTransferFunctionScriptingTraits (0ms)
			SetupTypeCache (260ms)
			ReleaseScriptCaches (1ms)
			RebuildScriptCaches (33ms)
			SetupLoadedEditorAssemblies (503ms)
				LogAssemblyErrors (0ms)
				InitializePlatformSupportModulesInManaged (6ms)
				SetLoadedEditorAssemblies (0ms)
				RefreshPlugins (1ms)
				BeforeProcessingInitializeOnLoad (75ms)
				ProcessInitializeOnLoadAttributes (382ms)
				ProcessInitializeOnLoadMethodAttributes (33ms)
				AfterProcessingInitializeOnLoad (6ms)
				EditorAssembliesLoaded (0ms)
			ExecutionOrderSort2 (0ms)
			AwakeInstancesAfterBackupRestoration (6ms)
Platform modules already initialized, skipping
Refreshing native plugins compatible for Editor in 0.80 ms, found 4 plugins.
Preloading 0 native plugins for Editor in 0.00 ms.
Unloading 1929 Unused Serialized files (Serialized files now loaded: 0)
System memory in use before: 88.0 MB.
System memory in use after: 88.1 MB.

Unloading 61 unused Assets to reduce memory usage. Loaded Objects now: 2384.
Total: 3.698900 ms (FindLiveObjects: 0.198300 ms CreateObjectMapping: 0.050300 ms MarkObjects: 3.410100 ms  DeleteObjects: 0.039200 ms)

AssetImportParameters requested are different than current active one (requested -> active):
  custom:framework-win-MediaFoundation: 216162199b28c13a410421893ffa2e32 -> 
  custom:video-decoder-ogg-theora: a1e56fd34408186e4bbccfd4996cb3dc -> 
  custom:container-muxer-webm: aa71ff27fc2769a1b78a27578f13a17b -> 
  custom:container-demuxer-webm: 4f35f7cbe854078d1ac9338744f61a02 -> 
  custom:container-demuxer-ogg: 62fdf1f143b41e24485cea50d1cbac27 -> 
  custom:video-encoder-webm-vp8: eb34c28f22e8b96e1ab97ce403110664 -> 
  custom:video-codec-MediaFoundation-h265: 746d11721c4dcdbdad8f713fa42b33f4 -> 
  custom:video-decoder-webm-vp8: 9c59270c3fd7afecdb556c50c9e8de78 -> 
  custom:audio-decoder-ogg-vorbis: bf7c407c2cedff20999df2af8eb42d56 -> 
  custom:audio-encoder-webm-vorbis: bf7c407c2cedff20999df2af8eb42d56 -> 
========================================================================
Received Import Request.
  Time since last request: 63.293554 seconds.
  path: Assets/StreamingAssets
  artifactKey: Guid(0977749a21ea24546a74bcaa6952dcc0) Importer(815301076,1909f56bfc062723c751e8b465ee728b)
Start importing Assets/StreamingAssets using Guid(0977749a21ea24546a74bcaa6952dcc0) Importer(815301076,1909f56bfc062723c751e8b465ee728b)  -> (artifact id: '09a34a21c108ddbc8aefdaa70137a85f') in 0.010944 seconds 
  Import took 0.014188 seconds .

========================================================================
Received Import Request.
  Time since last request: 106.839770 seconds.
  path: Assets/John Folder/Materials/Brick.mat
  artifactKey: Guid(8266791d8727da64ebef93f75f476243) Importer(815301076,1909f56bfc062723c751e8b465ee728b)
Start importing Assets/John Folder/Materials/Brick.mat using Guid(8266791d8727da64ebef93f75f476243) Importer(815301076,1909f56bfc062723c751e8b465ee728b)  -> (artifact id: '21a803ad500efe452c1fe8fb6bfdcd9d') in 0.055602 seconds 
  Import took 0.059007 seconds .

========================================================================
Received Prepare
Registering precompiled user dll's ...
Registered in 0.006837 seconds.
Begin MonoManager ReloadAssembly
Symbol file data-000001E7FA5D77D0 doesn't match image C:\Users\johne\Documents\GitHub Repos\DownHorrendousPrototype\DownHorrendous_Unity\Library\ScriptAssemblies\Unity.VSCode.Editor.dll
Symbol file LoadedFromMemory is not a mono symbol file
Symbol file data-000001E7FBC38020 doesn't match image C:\Users\johne\Documents\GitHub Repos\DownHorrendousPrototype\DownHorrendous_Unity\Library\ScriptAssemblies\Unity.TextMeshPro.Editor.dll
Symbol file LoadedFromMemory is not a mono symbol file
Symbol file data-000001E7FB2FA680 doesn't match image C:\Users\johne\Documents\GitHub Repos\DownHorrendousPrototype\DownHorrendous_Unity\Library\ScriptAssemblies\Unity.VisualStudio.Editor.dll
Symbol file LoadedFromMemory is not a mono symbol file
Symbol file data-000001E7F9BDC030 doesn't match image C:\Users\johne\Documents\GitHub Repos\DownHorrendousPrototype\DownHorrendous_Unity\Library\ScriptAssemblies\UnityEngine.TestRunner.dll
Symbol file LoadedFromMemory is not a mono symbol file
Symbol file data-000001E7F6D8AF90 doesn't match image C:\Users\johne\Documents\GitHub Repos\DownHorrendousPrototype\DownHorrendous_Unity\Library\ScriptAssemblies\Unity.Timeline.Editor.dll
Symbol file LoadedFromMemory is not a mono symbol file
Symbol file data-000001E7F124C020 doesn't match image C:\Users\johne\Documents\GitHub Repos\DownHorrendousPrototype\DownHorrendous_Unity\Library\ScriptAssemblies\Unity.Timeline.dll
Symbol file LoadedFromMemory is not a mono symbol file
Symbol file data-000001E81E9F6910 doesn't match image C:\Users\johne\Documents\GitHub Repos\DownHorrendousPrototype\DownHorrendous_Unity\Library\ScriptAssemblies\Unity.TextMeshPro.dll
Symbol file LoadedFromMemory is not a mono symbol file
Symbol file data-000001E7F9BDC030 doesn't match image C:\Users\johne\Documents\GitHub Repos\DownHorrendousPrototype\DownHorrendous_Unity\Library\ScriptAssemblies\Unity.CollabProxy.Editor.dll
Symbol file LoadedFromMemory is not a mono symbol file
Symbol file data-000001E7FADFB7F0 doesn't match image C:\Users\johne\Documents\GitHub Repos\DownHorrendousPrototype\DownHorrendous_Unity\Library\ScriptAssemblies\UnityEditor.TestRunner.dll
Symbol file LoadedFromMemory is not a mono symbol file
Symbol file data-000001E7FB2FA680 doesn't match image C:\Users\johne\Documents\GitHub Repos\DownHorrendousPrototype\DownHorrendous_Unity\Library\ScriptAssemblies\UnityEditor.UI.dll
Symbol file LoadedFromMemory is not a mono symbol file
Symbol file data-000001E7FAF89C10 doesn't match image C:\Users\johne\Documents\GitHub Repos\DownHorrendousPrototype\DownHorrendous_Unity\Library\ScriptAssemblies\Unity.Rider.Editor.dll
Symbol file LoadedFromMemory is not a mono symbol file
Symbol file data-000001E7FBAE8010 doesn't match image C:\Users\johne\Documents\GitHub Repos\DownHorrendousPrototype\DownHorrendous_Unity\Library\ScriptAssemblies\UnityEngine.UI.dll
Symbol file LoadedFromMemory is not a mono symbol file
Symbol file data-000001E7FB451FC0 doesn't match image C:\Users\johne\Documents\GitHub Repos\DownHorrendousPrototype\DownHorrendous_Unity\Library\ScriptAssemblies\Unity.PlasticSCM.Editor.dll
Symbol file LoadedFromMemory is not a mono symbol file
Native extension for WindowsStandalone target not found
Native extension for WebGL target not found
Refreshing native plugins compatible for Editor in 0.78 ms, found 4 plugins.
Preloading 0 native plugins for Editor in 0.00 ms.
Mono: successfully reloaded assembly
- Completed reload, in  1.104 seconds
Domain Reload Profiling:
	ReloadAssembly (1105ms)
		BeginReloadAssembly (110ms)
			ExecutionOrderSort (0ms)
			DisableScriptedObjects (4ms)
			BackupInstance (0ms)
			ReleaseScriptingObjects (0ms)
			CreateAndSetChildDomain (37ms)
		EndReloadAssembly (937ms)
			LoadAssemblies (81ms)
			RebuildTransferFunctionScriptingTraits (0ms)
			SetupTypeCache (235ms)
			ReleaseScriptCaches (1ms)
			RebuildScriptCaches (32ms)
			SetupLoadedEditorAssemblies (490ms)
				LogAssemblyErrors (0ms)
				InitializePlatformSupportModulesInManaged (6ms)
				SetLoadedEditorAssemblies (0ms)
				RefreshPlugins (1ms)
				BeforeProcessingInitializeOnLoad (71ms)
				ProcessInitializeOnLoadAttributes (374ms)
				ProcessInitializeOnLoadMethodAttributes (31ms)
				AfterProcessingInitializeOnLoad (6ms)
				EditorAssembliesLoaded (0ms)
			ExecutionOrderSort2 (0ms)
			AwakeInstancesAfterBackupRestoration (6ms)
Platform modules already initialized, skipping
Refreshing native plugins compatible for Editor in 0.79 ms, found 4 plugins.
Preloading 0 native plugins for Editor in 0.00 ms.
Unloading 1929 Unused Serialized files (Serialized files now loaded: 0)
System memory in use before: 88.0 MB.
System memory in use after: 88.1 MB.

Unloading 60 unused Assets to reduce memory usage. Loaded Objects now: 2387.
Total: 3.509500 ms (FindLiveObjects: 0.199500 ms CreateObjectMapping: 0.053200 ms MarkObjects: 3.222600 ms  DeleteObjects: 0.032900 ms)

AssetImportParameters requested are different than current active one (requested -> active):
  custom:framework-win-MediaFoundation: 216162199b28c13a410421893ffa2e32 -> 
  custom:video-decoder-ogg-theora: a1e56fd34408186e4bbccfd4996cb3dc -> 
  custom:container-muxer-webm: aa71ff27fc2769a1b78a27578f13a17b -> 
  custom:container-demuxer-webm: 4f35f7cbe854078d1ac9338744f61a02 -> 
  custom:container-demuxer-ogg: 62fdf1f143b41e24485cea50d1cbac27 -> 
  custom:video-encoder-webm-vp8: eb34c28f22e8b96e1ab97ce403110664 -> 
  custom:video-codec-MediaFoundation-h265: 746d11721c4dcdbdad8f713fa42b33f4 -> 
  custom:video-decoder-webm-vp8: 9c59270c3fd7afecdb556c50c9e8de78 -> 
  custom:audio-decoder-ogg-vorbis: bf7c407c2cedff20999df2af8eb42d56 -> 
  custom:audio-encoder-webm-vorbis: bf7c407c2cedff20999df2af8eb42d56 -> 
========================================================================
Received Prepare
Registering precompiled user dll's ...
Registered in 0.007944 seconds.
Begin MonoManager ReloadAssembly
Symbol file data-000001E81EAC5530 doesn't match image C:\Users\johne\Documents\GitHub Repos\DownHorrendousPrototype\DownHorrendous_Unity\Library\ScriptAssemblies\Unity.VSCode.Editor.dll
Symbol file LoadedFromMemory is not a mono symbol file
Symbol file data-000001E7FB718030 doesn't match image C:\Users\johne\Documents\GitHub Repos\DownHorrendousPrototype\DownHorrendous_Unity\Library\ScriptAssemblies\Unity.TextMeshPro.Editor.dll
Symbol file LoadedFromMemory is not a mono symbol file
Symbol file data-000001E7FB2FA680 doesn't match image C:\Users\johne\Documents\GitHub Repos\DownHorrendousPrototype\DownHorrendous_Unity\Library\ScriptAssemblies\Unity.VisualStudio.Editor.dll
Symbol file LoadedFromMemory is not a mono symbol file
Symbol file data-000001E7F124C020 doesn't match image C:\Users\johne\Documents\GitHub Repos\DownHorrendousPrototype\DownHorrendous_Unity\Library\ScriptAssemblies\UnityEngine.TestRunner.dll
Symbol file LoadedFromMemory is not a mono symbol file
Symbol file data-000001E81ECF3DF0 doesn't match image C:\Users\johne\Documents\GitHub Repos\DownHorrendousPrototype\DownHorrendous_Unity\Library\ScriptAssemblies\Unity.Timeline.Editor.dll
Symbol file LoadedFromMemory is not a mono symbol file
Symbol file data-000001E7FB114010 doesn't match image C:\Users\johne\Documents\GitHub Repos\DownHorrendousPrototype\DownHorrendous_Unity\Library\ScriptAssemblies\Unity.Timeline.dll
Symbol file LoadedFromMemory is not a mono symbol file
Symbol file data-000001E7F5E33030 doesn't match image C:\Users\johne\Documents\GitHub Repos\DownHorrendousPrototype\DownHorrendous_Unity\Library\ScriptAssemblies\Unity.TextMeshPro.dll
Symbol file LoadedFromMemory is not a mono symbol file
Symbol file data-000001E7F124C020 doesn't match image C:\Users\johne\Documents\GitHub Repos\DownHorrendousPrototype\DownHorrendous_Unity\Library\ScriptAssemblies\Unity.CollabProxy.Editor.dll
Symbol file LoadedFromMemory is not a mono symbol file
Symbol file data-000001E7FA4D2A70 doesn't match image C:\Users\johne\Documents\GitHub Repos\DownHorrendousPrototype\DownHorrendous_Unity\Library\ScriptAssemblies\UnityEditor.TestRunner.dll
Symbol file LoadedFromMemory is not a mono symbol file
Symbol file data-000001E7FB2FA680 doesn't match image C:\Users\johne\Documents\GitHub Repos\DownHorrendousPrototype\DownHorrendous_Unity\Library\ScriptAssemblies\UnityEditor.UI.dll
Symbol file LoadedFromMemory is not a mono symbol file
Symbol file data-000001E7F6798010 doesn't match image C:\Users\johne\Documents\GitHub Repos\DownHorrendousPrototype\DownHorrendous_Unity\Library\ScriptAssemblies\Unity.Rider.Editor.dll
Symbol file LoadedFromMemory is not a mono symbol file
Symbol file data-000001E7F5B03040 doesn't match image C:\Users\johne\Documents\GitHub Repos\DownHorrendousPrototype\DownHorrendous_Unity\Library\ScriptAssemblies\UnityEngine.UI.dll
Symbol file LoadedFromMemory is not a mono symbol file
Symbol file data-000001E81EC47D70 doesn't match image C:\Users\johne\Documents\GitHub Repos\DownHorrendousPrototype\DownHorrendous_Unity\Library\ScriptAssemblies\Unity.PlasticSCM.Editor.dll
Symbol file LoadedFromMemory is not a mono symbol file
Native extension for WindowsStandalone target not found
Native extension for WebGL target not found
Refreshing native plugins compatible for Editor in 1.37 ms, found 4 plugins.
Preloading 0 native plugins for Editor in 0.00 ms.
Mono: successfully reloaded assembly
- Completed reload, in  1.343 seconds
Domain Reload Profiling:
	ReloadAssembly (1344ms)
		BeginReloadAssembly (150ms)
			ExecutionOrderSort (0ms)
			DisableScriptedObjects (8ms)
			BackupInstance (0ms)
			ReleaseScriptingObjects (0ms)
			CreateAndSetChildDomain (56ms)
		EndReloadAssembly (1126ms)
			LoadAssemblies (105ms)
			RebuildTransferFunctionScriptingTraits (0ms)
			SetupTypeCache (293ms)
			ReleaseScriptCaches (1ms)
			RebuildScriptCaches (41ms)
			SetupLoadedEditorAssemblies (571ms)
				LogAssemblyErrors (0ms)
				InitializePlatformSupportModulesInManaged (7ms)
				SetLoadedEditorAssemblies (1ms)
				RefreshPlugins (1ms)
				BeforeProcessingInitializeOnLoad (81ms)
				ProcessInitializeOnLoadAttributes (440ms)
				ProcessInitializeOnLoadMethodAttributes (34ms)
				AfterProcessingInitializeOnLoad (7ms)
				EditorAssembliesLoaded (0ms)
			ExecutionOrderSort2 (0ms)
			AwakeInstancesAfterBackupRestoration (8ms)
Platform modules already initialized, skipping
Refreshing native plugins compatible for Editor in 1.04 ms, found 4 plugins.
Preloading 0 native plugins for Editor in 0.00 ms.
Unloading 1929 Unused Serialized files (Serialized files now loaded: 0)
System memory in use before: 88.0 MB.
System memory in use after: 88.1 MB.

Unloading 60 unused Assets to reduce memory usage. Loaded Objects now: 2389.
Total: 5.364100 ms (FindLiveObjects: 0.328400 ms CreateObjectMapping: 0.080500 ms MarkObjects: 4.906500 ms  DeleteObjects: 0.046700 ms)

AssetImportParameters requested are different than current active one (requested -> active):
  custom:framework-win-MediaFoundation: 216162199b28c13a410421893ffa2e32 -> 
  custom:video-decoder-ogg-theora: a1e56fd34408186e4bbccfd4996cb3dc -> 
  custom:container-muxer-webm: aa71ff27fc2769a1b78a27578f13a17b -> 
  custom:container-demuxer-webm: 4f35f7cbe854078d1ac9338744f61a02 -> 
  custom:container-demuxer-ogg: 62fdf1f143b41e24485cea50d1cbac27 -> 
  custom:video-encoder-webm-vp8: eb34c28f22e8b96e1ab97ce403110664 -> 
  custom:video-codec-MediaFoundation-h265: 746d11721c4dcdbdad8f713fa42b33f4 -> 
  custom:video-decoder-webm-vp8: 9c59270c3fd7afecdb556c50c9e8de78 -> 
  custom:audio-decoder-ogg-vorbis: bf7c407c2cedff20999df2af8eb42d56 -> 
  custom:audio-encoder-webm-vorbis: bf7c407c2cedff20999df2af8eb42d56 -> 
========================================================================
Received Prepare
Registering precompiled user dll's ...
Registered in 0.007038 seconds.
Begin MonoManager ReloadAssembly
Symbol file data-000001E7FA5D77D0 doesn't match image C:\Users\johne\Documents\GitHub Repos\DownHorrendousPrototype\DownHorrendous_Unity\Library\ScriptAssemblies\Unity.VSCode.Editor.dll
Symbol file LoadedFromMemory is not a mono symbol file
Symbol file data-000001E7F52CD010 doesn't match image C:\Users\johne\Documents\GitHub Repos\DownHorrendousPrototype\DownHorrendous_Unity\Library\ScriptAssemblies\Unity.TextMeshPro.Editor.dll
Symbol file LoadedFromMemory is not a mono symbol file
Symbol file data-000001E7FA558030 doesn't match image C:\Users\johne\Documents\GitHub Repos\DownHorrendousPrototype\DownHorrendous_Unity\Library\ScriptAssemblies\Unity.VisualStudio.Editor.dll
Symbol file LoadedFromMemory is not a mono symbol file
Symbol file data-000001E7F124C020 doesn't match image C:\Users\johne\Documents\GitHub Repos\DownHorrendousPrototype\DownHorrendous_Unity\Library\ScriptAssemblies\UnityEngine.TestRunner.dll
Symbol file LoadedFromMemory is not a mono symbol file
Symbol file data-000001E7F9E93DA0 doesn't match image C:\Users\johne\Documents\GitHub Repos\DownHorrendousPrototype\DownHorrendous_Unity\Library\ScriptAssemblies\Unity.Timeline.Editor.dll
Symbol file LoadedFromMemory is not a mono symbol file
Symbol file data-000001E7FB114010 doesn't match image C:\Users\johne\Documents\GitHub Repos\DownHorrendousPrototype\DownHorrendous_Unity\Library\ScriptAssemblies\Unity.Timeline.dll
Symbol file LoadedFromMemory is not a mono symbol file
Symbol file data-000001E7F916E010 doesn't match image C:\Users\johne\Documents\GitHub Repos\DownHorrendousPrototype\DownHorrendous_Unity\Library\ScriptAssemblies\Unity.TextMeshPro.dll
Symbol file LoadedFromMemory is not a mono symbol file
Symbol file data-000001E7F124C020 doesn't match image C:\Users\johne\Documents\GitHub Repos\DownHorrendousPrototype\DownHorrendous_Unity\Library\ScriptAssemblies\Unity.CollabProxy.Editor.dll
Symbol file LoadedFromMemory is not a mono symbol file
Symbol file data-000001E7FB1CF9E0 doesn't match image C:\Users\johne\Documents\GitHub Repos\DownHorrendousPrototype\DownHorrendous_Unity\Library\ScriptAssemblies\UnityEditor.TestRunner.dll
Symbol file LoadedFromMemory is not a mono symbol file
Symbol file data-000001E7FA558030 doesn't match image C:\Users\johne\Documents\GitHub Repos\DownHorrendousPrototype\DownHorrendous_Unity\Library\ScriptAssemblies\UnityEditor.UI.dll
Symbol file LoadedFromMemory is not a mono symbol file
Symbol file data-000001E81E8AC010 doesn't match image C:\Users\johne\Documents\GitHub Repos\DownHorrendousPrototype\DownHorrendous_Unity\Library\ScriptAssemblies\Unity.Rider.Editor.dll
Symbol file LoadedFromMemory is not a mono symbol file
Symbol file data-000001E7F8FA0040 doesn't match image C:\Users\johne\Documents\GitHub Repos\DownHorrendousPrototype\DownHorrendous_Unity\Library\ScriptAssemblies\UnityEngine.UI.dll
Symbol file LoadedFromMemory is not a mono symbol file
Symbol file data-000001E81E724020 doesn't match image C:\Users\johne\Documents\GitHub Repos\DownHorrendousPrototype\DownHorrendous_Unity\Library\ScriptAssemblies\Unity.PlasticSCM.Editor.dll
Symbol file LoadedFromMemory is not a mono symbol file
Native extension for WindowsStandalone target not found
Native extension for WebGL target not found
Refreshing native plugins compatible for Editor in 0.81 ms, found 4 plugins.
Preloading 0 native plugins for Editor in 0.00 ms.
Mono: successfully reloaded assembly
- Completed reload, in  1.157 seconds
Domain Reload Profiling:
	ReloadAssembly (1157ms)
		BeginReloadAssembly (103ms)
			ExecutionOrderSort (0ms)
			DisableScriptedObjects (4ms)
			BackupInstance (0ms)
			ReleaseScriptingObjects (0ms)
			CreateAndSetChildDomain (36ms)
		EndReloadAssembly (996ms)
			LoadAssemblies (81ms)
			RebuildTransferFunctionScriptingTraits (0ms)
			SetupTypeCache (236ms)
			ReleaseScriptCaches (1ms)
			RebuildScriptCaches (33ms)
			SetupLoadedEditorAssemblies (541ms)
				LogAssemblyErrors (0ms)
				InitializePlatformSupportModulesInManaged (6ms)
				SetLoadedEditorAssemblies (0ms)
				RefreshPlugins (1ms)
				BeforeProcessingInitializeOnLoad (81ms)
				ProcessInitializeOnLoadAttributes (407ms)
				ProcessInitializeOnLoadMethodAttributes (39ms)
				AfterProcessingInitializeOnLoad (7ms)
				EditorAssembliesLoaded (0ms)
			ExecutionOrderSort2 (0ms)
			AwakeInstancesAfterBackupRestoration (7ms)
Platform modules already initialized, skipping
Refreshing native plugins compatible for Editor in 1.15 ms, found 4 plugins.
Preloading 0 native plugins for Editor in 0.00 ms.
Unloading 1929 Unused Serialized files (Serialized files now loaded: 0)
System memory in use before: 88.0 MB.
System memory in use after: 88.1 MB.

Unloading 60 unused Assets to reduce memory usage. Loaded Objects now: 2391.
Total: 3.923400 ms (FindLiveObjects: 0.226700 ms CreateObjectMapping: 0.054100 ms MarkObjects: 3.598000 ms  DeleteObjects: 0.042700 ms)

AssetImportParameters requested are different than current active one (requested -> active):
  custom:framework-win-MediaFoundation: 216162199b28c13a410421893ffa2e32 -> 
  custom:video-decoder-ogg-theora: a1e56fd34408186e4bbccfd4996cb3dc -> 
  custom:container-muxer-webm: aa71ff27fc2769a1b78a27578f13a17b -> 
  custom:container-demuxer-webm: 4f35f7cbe854078d1ac9338744f61a02 -> 
  custom:container-demuxer-ogg: 62fdf1f143b41e24485cea50d1cbac27 -> 
  custom:video-encoder-webm-vp8: eb34c28f22e8b96e1ab97ce403110664 -> 
  custom:video-codec-MediaFoundation-h265: 746d11721c4dcdbdad8f713fa42b33f4 -> 
  custom:video-decoder-webm-vp8: 9c59270c3fd7afecdb556c50c9e8de78 -> 
  custom:audio-decoder-ogg-vorbis: bf7c407c2cedff20999df2af8eb42d56 -> 
  custom:audio-encoder-webm-vorbis: bf7c407c2cedff20999df2af8eb42d56 -> 
